
> vitalsync@0.1.1 build
> next build

  ▲ Next.js 14.2.35
  - Environments: .env.local

   Creating an optimized production build ...
 ✓ Compiled successfully
   Skipping validation of types
   Skipping linting
   Collecting page data ...
   Generating static pages (0/9) ...
   Generating static pages (2/9) 
   Generating static pages (4/9) 
   Generating static pages (6/9) 
 ✓ Generating static pages (9/9)
   Finalizing page optimization ...
   Collecting build traces ...

Route (app)                              Size     First Load JS
┌ ○ /                                    8.93 kB         147 kB
├ ○ /_not-found                          873 B          88.2 kB
├ ƒ /api/sync/referrals                  0 B                0 B
├ ○ /dashboard                           12.7 kB         154 kB
├ ○ /login                               1.54 kB         131 kB
└ ○ /receiver                            7.31 kB         148 kB
+ First Load JS shared by all            87.3 kB
  ├ chunks/117-4f5b424f20efdcae.js       31.7 kB
  ├ chunks/fd9d1056-b11b2651f33aae7f.js  53.6 kB
  └ other shared chunks (total)          1.95 kB


○  (Static)   prerendered as static content
ƒ  (Dynamic)  server-rendered on demand

